Connected to localhost:8083

PUT /disney/17 HTTP/1.1
Host: localhost:8083
User-Agent: Mozilla/5.0 (X11; Ubuntu; Linux x86_64; rv:49.0) Gecko/20100101 Firefox/49.0
Accept: text/html,application/xhtml+xml,application/xml;q=0.9,*/*;q=0.8
Accept-Language: en-US,en;q=0.5
Accept-Encoding: gzip, deflate
Content-Type: application/json
Content-Length: 14
Connection: keep-alive

{"year" :2012}
HTTP/1.1 200 OK

Connection closed

Connected to localhost:8083

GET /disney/ HTTP/1.1
Host: localhost:8083
User-Agent: Mozilla/5.0 (X11; Ubuntu; Linux x86_64; rv:49.0) Gecko/20100101 Firefox/49.0
Accept: text/html,application/xhtml+xml,application/xml;q=0.9,*/*;q=0.8
Accept-Language: en-US,en;q=0.5
Accept-Encoding: gzip, deflate
Connection: keep-alive


HTTP/1.1 200 OK
Content-Type : application/json
Content-Length : 1405
Connection:close

 [
    {
        "year": 1937,
        "movieid": 4,
        "title": "The Snow White and Seven Dwarfs"
    },
    {
        "year": 2013,
        "movieid": 1,
        "title": "Frozen"
    },
    {
        "year": 1991,
        "movieid": 2,
        "title": "Beauty and the Beast"
    },
    {
        "year": 1989,
        "movieid": 3,
        "title": "The Little Mermaid"
    },
    {
        "year": 1994,
        "movieid": 7,
        "title": "The Lion King"
    },
    {
        "year": 1942,
        "movieid": 8,
        "title": "Bambi"
    },
    {
        "year": 1950,
        "movieid": 9,
        "title": "Cinderella"
    },
    {
        "year": 1953,
        "movieid": 10,
        "title": "Peter Pan"
    },
    {
        "year": 1955,
        "movieid": 11,
        "title": "Lady and the Tramp"
    },
    {
        "year": 1959,
        "movieid": 12,
        "title": "Sleeping Beauty"
    },
    {
        "year": 1963,
        "movieid": 13,
        "title": "The Sword in the Stone"
    },
    {
        "year": 1996,
        "movieid": 14,
        "title": "The Hunchback of Notre Dame"
    },
    {
        "year": 1992,
        "movieid": 15,
        "title": "Aladdin"
    },
    {
        "year": 1993,
        "movieid": 16,
        "title": "Nightmare before Christmas"
    },
    {
        "year": 2012,
        "movieid": 17,
        "title": "Frankenweenie"
    }
]
Connection closed

